<?xml version="1.0" encoding="UTF-8"?>
<!-- Generated by org.testng.reporters.JUnitReportReporter -->
<testsuite hostname="LAPTOP-I9NV3AVS" failures="0" tests="2" name="meghanaacademy.SeleniumFrameworkDesign.SubmitOrderTest" time="28.959" errors="0" timestamp="2024-07-09T22:14:07 IST" skipped="0">
  <testcase classname="meghanaacademy.SeleniumFrameworkDesign.SubmitOrderTest" name="orderHistoryTest" time="5.904"/>
  <system-out/>
  <testcase classname="meghanaacademy.SeleniumFrameworkDesign.SubmitOrderTest" name="submitOrder" time="23.055"/>
  <system-out/>
</testsuite> <!-- meghanaacademy.SeleniumFrameworkDesign.SubmitOrderTest -->
